This is pdfTeX, Version 3.141592653-2.6-1.40.25 (MiKTeX 24.1) (preloaded format=pdflatex 2025.6.15)  27 JUN 2025 23:41
entering extended mode
 restricted \write18 enabled.
 file:line:error style messages enabled.
 %&-line parsing enabled.
**c:/Users/kamil/OneDrive/Pulpit/ProjektPO_Kamil_Kopczyk_134927/Dokumentacja/kk134927.tex
(c:/Users/kamil/OneDrive/Pulpit/ProjektPO_Kamil_Kopczyk_134927/Dokumentacja/kk134927.tex
LaTeX2e <2023-11-01> patch level 1
L3 programming layer <2024-01-04>
(urdpl.cls *** [urdpl.cls] --- (ZG, EZ) v1.0 <19.09.2024> ***
Document Class: urdpl 
(C:\Users\kamil\AppData\Local\Programs\MiKTeX\tex/latex/base\report.cls
Document Class: report 2023/05/17 v1.4n Standard LaTeX document class
(C:\Users\kamil\AppData\Local\Programs\MiKTeX\tex/latex/base\size10.clo
File: size10.clo 2023/05/17 v1.4n Standard LaTeX file (size option)
)
\c@part=\count187
\c@chapter=\count188
\c@section=\count189
\c@subsection=\count190
\c@subsubsection=\count191
\c@paragraph=\count192
\c@subparagraph=\count193
\c@figure=\count194
\c@table=\count195
\abovecaptionskip=\skip48
\belowcaptionskip=\skip49
\bibindent=\dimen140
) (C:\Users\kamil\AppData\Local\Programs\MiKTeX\tex/latex/psnfss\times.sty
Package: times 2020/03/25 PSNFSS-v9.3 (SPQR) 
) (C:\Users\kamil\AppData\Local\Programs\MiKTeX\tex/latex/base\fontenc.sty
Package: fontenc 2021/04/29 v2.0v Standard LaTeX package
LaTeX Font Info:    Trying to load font information for T1+ptm on input line 112.
 (C:\Users\kamil\AppData\Local\Programs\MiKTeX\tex/latex/psnfss\t1ptm.fd
File: t1ptm.fd 2001/06/04 font definitions for T1/ptm.
)) (C:\Users\kamil\AppData\Local\Programs\MiKTeX\tex/latex/graphics\graphicx.sty
Package: graphicx 2021/09/16 v1.2d Enhanced LaTeX Graphics (DPC,SPQR)
 (C:\Users\kamil\AppData\Local\Programs\MiKTeX\tex/latex/graphics\keyval.sty
Package: keyval 2022/05/29 v1.15 key=value parser (DPC)
\KV@toks@=\toks17
) (C:\Users\kamil\AppData\Local\Programs\MiKTeX\tex/latex/graphics\graphics.sty
Package: graphics 2022/03/10 v1.4e Standard LaTeX Graphics (DPC,SPQR)
 (C:\Users\kamil\AppData\Local\Programs\MiKTeX\tex/latex/graphics\trig.sty
Package: trig 2021/08/11 v1.11 sin cos tan (DPC)
) (C:\Users\kamil\AppData\Local\Programs\MiKTeX\tex/latex/graphics-cfg\graphics.cfg
File: graphics.cfg 2016/06/04 v1.11 sample graphics configuration
)
Package graphics Info: Driver file: pdftex.def on input line 107.
 (C:\Users\kamil\AppData\Local\Programs\MiKTeX\tex/latex/graphics-def\pdftex.def
File: pdftex.def 2022/09/22 v1.2b Graphics/color driver for pdftex
))
\Gin@req@height=\dimen141
\Gin@req@width=\dimen142
) (C:\Users\kamil\AppData\Local\Programs\MiKTeX\tex/latex/geometry\geometry.sty
Package: geometry 2020/01/02 v5.9 Page Geometry
 (C:\Users\kamil\AppData\Local\Programs\MiKTeX\tex/generic/iftex\ifvtex.sty
Package: ifvtex 2019/10/25 v1.7 ifvtex legacy package. Use iftex instead.
 (C:\Users\kamil\AppData\Local\Programs\MiKTeX\tex/generic/iftex\iftex.sty
Package: iftex 2022/02/03 v1.0f TeX engine tests
))
\Gm@cnth=\count196
\Gm@cntv=\count197
\c@Gm@tempcnt=\count198
\Gm@bindingoffset=\dimen143
\Gm@wd@mp=\dimen144
\Gm@odd@mp=\dimen145
\Gm@even@mp=\dimen146
\Gm@layoutwidth=\dimen147
\Gm@layoutheight=\dimen148
\Gm@layouthoffset=\dimen149
\Gm@layoutvoffset=\dimen150
\Gm@dimlist=\toks18
 (C:\Users\kamil\AppData\Local\Programs\MiKTeX\tex/latex/geometry\geometry.cfg)) (C:\Users\kamil\AppData\Local\Programs\MiKTeX\tex/latex/graphics\color.sty
Package: color 2022/01/06 v1.3d Standard LaTeX Color (DPC)
 (C:\Users\kamil\AppData\Local\Programs\MiKTeX\tex/latex/graphics-cfg\color.cfg
File: color.cfg 2016/01/02 v1.6 sample color configuration
)
Package color Info: Driver file: pdftex.def on input line 149.
 (C:\Users\kamil\AppData\Local\Programs\MiKTeX\tex/latex/graphics\mathcolor.ltx)) (C:\Users\kamil\AppData\Local\Programs\MiKTeX\tex/latex/fancyhdr\fancyhdr.sty
Package: fancyhdr 2025/02/07 v5.2 Extensive control of page headers and footers
\f@nch@headwidth=\skip50
\f@nch@offset@elh=\skip51
\f@nch@offset@erh=\skip52
\f@nch@offset@olh=\skip53
\f@nch@offset@orh=\skip54
\f@nch@offset@elf=\skip55
\f@nch@offset@erf=\skip56
\f@nch@offset@olf=\skip57
\f@nch@offset@orf=\skip58
\f@nch@height=\skip59
\f@nch@footalignment=\skip60
\f@nch@widthL=\skip61
\f@nch@widthC=\skip62
\f@nch@widthR=\skip63
\@temptokenb=\toks19
) (C:\Users\kamil\AppData\Local\Programs\MiKTeX\tex/latex/url\url.sty
\Urlmuskip=\muskip16
Package: url 2013/09/16  ver 3.4  Verb mode for urls, etc.
) (C:\Users\kamil\AppData\Local\Programs\MiKTeX\tex/latex/titlesec\titlesec.sty
Package: titlesec 2025/01/04 v2.17 Sectioning titles
\ttl@box=\box51
\beforetitleunit=\skip64
\aftertitleunit=\skip65
\ttl@plus=\dimen151
\ttl@minus=\dimen152
\ttl@toksa=\toks20
\titlewidth=\dimen153
\titlewidthlast=\dimen154
\titlewidthfirst=\dimen155
) (C:\Users\kamil\AppData\Local\Programs\MiKTeX\tex/latex/tocloft\tocloft.sty
Package: tocloft 2017/08/31 v2.3i parameterised ToC, etc., typesetting
Package tocloft Info: The document has chapter divisions on input line 51.
\cftparskip=\skip66
\cftbeforetoctitleskip=\skip67
\cftaftertoctitleskip=\skip68
\cftbeforepartskip=\skip69
\cftpartnumwidth=\skip70
\cftpartindent=\skip71
\cftbeforechapskip=\skip72
\cftchapindent=\skip73
\cftchapnumwidth=\skip74
\cftbeforesecskip=\skip75
\cftsecindent=\skip76
\cftsecnumwidth=\skip77
\cftbeforesubsecskip=\skip78
\cftsubsecindent=\skip79
\cftsubsecnumwidth=\skip80
\cftbeforesubsubsecskip=\skip81
\cftsubsubsecindent=\skip82
\cftsubsubsecnumwidth=\skip83
\cftbeforeparaskip=\skip84
\cftparaindent=\skip85
\cftparanumwidth=\skip86
\cftbeforesubparaskip=\skip87
\cftsubparaindent=\skip88
\cftsubparanumwidth=\skip89
\cftbeforeloftitleskip=\skip90
\cftafterloftitleskip=\skip91
\cftbeforefigskip=\skip92
\cftfigindent=\skip93
\cftfignumwidth=\skip94
\c@lofdepth=\count199
\c@lotdepth=\count266
\cftbeforelottitleskip=\skip95
\cftafterlottitleskip=\skip96
\cftbeforetabskip=\skip97
\cfttabindent=\skip98
\cfttabnumwidth=\skip99
) (C:\Users\kamil\AppData\Local\Programs\MiKTeX\tex/latex/caption\caption.sty
Package: caption 2023/08/05 v3.6o Customizing captions (AR)
 (C:\Users\kamil\AppData\Local\Programs\MiKTeX\tex/latex/caption\caption3.sty
Package: caption3 2023/07/31 v2.4d caption3 kernel (AR)
\caption@tempdima=\dimen156
\captionmargin=\dimen157
\caption@leftmargin=\dimen158
\caption@rightmargin=\dimen159
\caption@width=\dimen160
\caption@indent=\dimen161
\caption@parindent=\dimen162
\caption@hangindent=\dimen163
Package caption Info: Standard document class detected.
)
\c@caption@flags=\count267
\c@continuedfloat=\count268
) (C:\Users\kamil\AppData\Local\Programs\MiKTeX\tex/latex/caption\subcaption.sty
Package: subcaption 2023/07/28 v1.6b Sub-captions (AR)
Package caption Info: New subtype `subfigure' on input line 238.
\c@subfigure=\count269
Package caption Info: New subtype `subtable' on input line 238.
\c@subtable=\count270
) (C:\Users\kamil\AppData\Local\Programs\MiKTeX\tex/latex/siunitx\siunitx.sty
Package: siunitx 2025-05-22 v3.4.12 A comprehensive (SI) units package
\l__siunitx_number_uncert_offset_int=\count271
\l__siunitx_number_exponent_fixed_int=\count272
\l__siunitx_number_min_decimal_int=\count273
\l__siunitx_number_min_integer_int=\count274
\l__siunitx_number_round_precision_int=\count275
\l__siunitx_number_lower_threshold_int=\count276
\l__siunitx_number_upper_threshold_int=\count277
\l__siunitx_number_group_first_int=\count278
\l__siunitx_number_group_size_int=\count279
\l__siunitx_number_group_minimum_int=\count280
\l__siunitx_angle_tmp_dim=\dimen164
\l__siunitx_angle_marker_box=\box52
\l__siunitx_angle_unit_box=\box53
\l__siunitx_compound_count_int=\count281
 (C:\Users\kamil\AppData\Local\Programs\MiKTeX\tex/latex/translations\translations.sty
Package: translations 2022/02/05 v1.12 internationalization of LaTeX2e packages (CN)
 (C:\Users\kamil\AppData\Local\Programs\MiKTeX\tex/latex/etoolbox\etoolbox.sty
Package: etoolbox 2020/10/05 v2.5k e-TeX tools for LaTeX (JAW)
\etb@tempcnta=\count282
) (C:\Users\kamil\AppData\Local\Programs\MiKTeX\tex/generic/pdftexcmds\pdftexcmds.sty
Package: pdftexcmds 2020-06-27 v0.33 Utility functions of pdfTeX for LuaTeX (HO)
 (C:\Users\kamil\AppData\Local\Programs\MiKTeX\tex/generic/infwarerr\infwarerr.sty
Package: infwarerr 2019/12/03 v1.5 Providing info/warning/error messages (HO)
) (C:\Users\kamil\AppData\Local\Programs\MiKTeX\tex/generic/ltxcmds\ltxcmds.sty
Package: ltxcmds 2023-12-04 v1.26 LaTeX kernel commands for general use (HO)
)
Package pdftexcmds Info: \pdf@primitive is available.
Package pdftexcmds Info: \pdf@ifprimitive is available.
Package pdftexcmds Info: \pdfdraftmode found.
)) (C:\Users\kamil\AppData\Local\Programs\MiKTeX\tex/latex/amsmath\amstext.sty
Package: amstext 2021/08/26 v2.01 AMS text
 (C:\Users\kamil\AppData\Local\Programs\MiKTeX\tex/latex/amsmath\amsgen.sty
File: amsgen.sty 1999/11/30 v2.0 generic functions
\@emptytoks=\toks21
\ex@=\dimen165
))
\l__siunitx_table_tmp_box=\box54
\l__siunitx_table_tmp_dim=\dimen166
\l__siunitx_table_column_width_dim=\dimen167
\l__siunitx_table_integer_box=\box55
\l__siunitx_table_decimal_box=\box56
\l__siunitx_table_uncert_box=\box57
\l__siunitx_table_before_box=\box58
\l__siunitx_table_after_box=\box59
\l__siunitx_table_before_dim=\dimen168
\l__siunitx_table_carry_dim=\dimen169
\l__siunitx_unit_tmp_int=\count283
\l__siunitx_unit_position_int=\count284
\l__siunitx_unit_total_int=\count285
 (C:\Users\kamil\AppData\Local\Programs\MiKTeX\tex/latex/tools\array.sty
Package: array 2023/10/16 v2.5g Tabular extension package (FMi)
\col@sep=\dimen170
\ar@mcellbox=\box60
\extrarowheight=\dimen171
\NC@list=\toks22
\extratabsurround=\skip100
\backup@length=\skip101
\ar@cellbox=\box61
)) (C:\Users\kamil\AppData\Local\Programs\MiKTeX\tex/latex/tools\enumerate.sty
Package: enumerate 2023/07/04 v3.00 enumerate extensions (DPC)
\@enLab=\toks23
) (C:\Users\kamil\AppData\Local\Programs\MiKTeX\tex/latex/enumitem\enumitem.sty
Package: enumitem 2025/02/06 v3.11 Customized lists
\labelindent=\skip102
\enit@outerparindent=\dimen172
\enit@toks=\toks24
\enit@inbox=\box62
\enit@count@id=\count286
\enitdp@description=\count287
) (C:\Users\kamil\AppData\Local\Programs\MiKTeX\tex/latex/nowidow\nowidow.sty
Package: nowidow 2011/09/20 1.0 Easily prevent widows and orphans
Package: nowidow 
 (C:\Users\kamil\AppData\Local\Programs\MiKTeX\tex/latex/kvoptions\kvoptions.sty
Package: kvoptions 2022-06-15 v3.15 Key value format for package options (HO)
 (C:\Users\kamil\AppData\Local\Programs\MiKTeX\tex/latex/kvsetkeys\kvsetkeys.sty
Package: kvsetkeys 2022-10-05 v1.19 Key value parser (HO)
)))
\descriptiondashgap=\skip103
\eqwheremargin=\skip104
) (C:\Users\kamil\AppData\Local\Programs\MiKTeX\tex/generic/babel\babel.sty
Package: babel 2024/01/07 v24.1 The Babel package
\babel@savecnt=\count288
\U@D=\dimen173
\l@unhyphenated=\language79
 (C:\Users\kamil\AppData\Local\Programs\MiKTeX\tex/generic/babel\txtbabel.def)
\bbl@readstream=\read2
\bbl@dirlevel=\count289

*************************************
* Local config file bblopts.cfg used
*
(C:\Users\kamil\AppData\Local\Programs\MiKTeX\tex/latex/arabi\bblopts.cfg
File: bblopts.cfg 2005/09/08 v0.1 add Arabic and Farsi to "declared" options of babel
) (C:\Users\kamil\AppData\Local\Programs\MiKTeX\tex/latex/babel-english\english.ldf
Language: english 2017/06/06 v3.3r English support from the babel system
Package babel Info: Hyphen rules for 'canadian' set to \l@english
(babel)             (\language0). Reported on input line 102.
Package babel Info: Hyphen rules for 'australian' set to \l@ukenglish
(babel)             (\language73). Reported on input line 105.
Package babel Info: Hyphen rules for 'newzealand' set to \l@ukenglish
(babel)             (\language73). Reported on input line 108.
) (C:\Users\kamil\AppData\Local\Programs\MiKTeX\tex/latex/babel-polish\polish.ldf
Language: polish 2022/03/12 1.3 Babel support for Polish
Package babel Info: Making " an active character on input line 101.
)) (C:\Users\kamil\AppData\Local\Programs\MiKTeX\tex/generic/babel/locale/pl\babel-polish.tex
Package babel Info: Importing font and identification data for polish
(babel)             from babel-pl.ini. Reported on input line 11.
) (C:\Users\kamil\AppData\Local\Programs\MiKTeX\tex/generic/babel/locale/en\babel-english.tex
Package babel Info: Importing font and identification data for english
(babel)             from babel-en.ini. Reported on input line 11.
) (C:\Users\kamil\AppData\Local\Programs\MiKTeX\tex/latex/polski\polski.sty
Package: polski 2021/08/25 v1.3.6 Polish language package
) (C:\Users\kamil\AppData\Local\Programs\MiKTeX\tex/latex/base\inputenc.sty
Package: inputenc 2021/02/14 v1.3d Input encoding file
\inpenc@prehook=\toks25
\inpenc@posthook=\toks26
) (C:\Users\kamil\AppData\Local\Programs\MiKTeX\tex/latex/mathtools\mathtools.sty
Package: mathtools 2024/10/04 v1.31 mathematical typesetting tools
 (C:\Users\kamil\AppData\Local\Programs\MiKTeX\tex/latex/tools\calc.sty
Package: calc 2023/07/08 v4.3 Infix arithmetic (KKT,FJ)
\calc@Acount=\count290
\calc@Bcount=\count291
\calc@Adimen=\dimen174
\calc@Bdimen=\dimen175
\calc@Askip=\skip105
\calc@Bskip=\skip106
LaTeX Info: Redefining \setlength on input line 80.
LaTeX Info: Redefining \addtolength on input line 81.
\calc@Ccount=\count292
\calc@Cskip=\skip107
) (C:\Users\kamil\AppData\Local\Programs\MiKTeX\tex/latex/mathtools\mhsetup.sty
Package: mhsetup 2021/03/18 v1.4 programming setup (MH)
) (C:\Users\kamil\AppData\Local\Programs\MiKTeX\tex/latex/amsmath\amsmath.sty
Package: amsmath 2023/05/13 v2.17o AMS math features
\@mathmargin=\skip108

For additional information on amsmath, use the `?' option.
(C:\Users\kamil\AppData\Local\Programs\MiKTeX\tex/latex/amsmath\amsbsy.sty
Package: amsbsy 1999/11/29 v1.2d Bold Symbols
\pmbraise@=\dimen176
) (C:\Users\kamil\AppData\Local\Programs\MiKTeX\tex/latex/amsmath\amsopn.sty
Package: amsopn 2022/04/08 v2.04 operator names
)
\inf@bad=\count293
LaTeX Info: Redefining \frac on input line 234.
\uproot@=\count294
\leftroot@=\count295
LaTeX Info: Redefining \overline on input line 399.
LaTeX Info: Redefining \colon on input line 410.
\classnum@=\count296
\DOTSCASE@=\count297
LaTeX Info: Redefining \ldots on input line 496.
LaTeX Info: Redefining \dots on input line 499.
LaTeX Info: Redefining \cdots on input line 620.
\Mathstrutbox@=\box63
\strutbox@=\box64
LaTeX Info: Redefining \big on input line 722.
LaTeX Info: Redefining \Big on input line 723.
LaTeX Info: Redefining \bigg on input line 724.
LaTeX Info: Redefining \Bigg on input line 725.
\big@size=\dimen177
LaTeX Font Info:    Redeclaring font encoding OML on input line 743.
LaTeX Font Info:    Redeclaring font encoding OMS on input line 744.
\macc@depth=\count298
LaTeX Info: Redefining \bmod on input line 905.
LaTeX Info: Redefining \pmod on input line 910.
LaTeX Info: Redefining \smash on input line 940.
LaTeX Info: Redefining \relbar on input line 970.
LaTeX Info: Redefining \Relbar on input line 971.
\c@MaxMatrixCols=\count299
\dotsspace@=\muskip17
\c@parentequation=\count300
\dspbrk@lvl=\count301
\tag@help=\toks27
\row@=\count302
\column@=\count303
\maxfields@=\count304
\andhelp@=\toks28
\eqnshift@=\dimen178
\alignsep@=\dimen179
\tagshift@=\dimen180
\tagwidth@=\dimen181
\totwidth@=\dimen182
\lineht@=\dimen183
\@envbody=\toks29
\multlinegap=\skip109
\multlinetaggap=\skip110
\mathdisplay@stack=\toks30
LaTeX Info: Redefining \[ on input line 2953.
LaTeX Info: Redefining \] on input line 2954.
)
\g_MT_multlinerow_int=\count305
\l_MT_multwidth_dim=\dimen184
\origjot=\skip111
\l_MT_shortvdotswithinadjustabove_dim=\dimen185
\l_MT_shortvdotswithinadjustbelow_dim=\dimen186
\l_MT_above_intertext_sep=\dimen187
\l_MT_below_intertext_sep=\dimen188
\l_MT_above_shortintertext_sep=\dimen189
\l_MT_below_shortintertext_sep=\dimen190
\xmathstrut@box=\box65
\xmathstrut@dim=\dimen191
) (C:\Users\kamil\AppData\Local\Programs\MiKTeX\tex/latex/amsfonts\amsfonts.sty
Package: amsfonts 2013/01/14 v3.01 Basic AMSFonts support
\symAMSa=\mathgroup4
\symAMSb=\mathgroup5
LaTeX Font Info:    Redeclaring math symbol \hbar on input line 98.
LaTeX Font Info:    Overwriting math alphabet `\mathfrak' in version `bold'
(Font)                  U/euf/m/n --> U/euf/b/n on input line 106.
) (C:\Users\kamil\AppData\Local\Programs\MiKTeX\tex/latex/amscls\amsthm.sty
Package: amsthm 2020/05/29 v2.20.6
\thm@style=\toks31
\thm@bodyfont=\toks32
\thm@headfont=\toks33
\thm@notefont=\toks34
\thm@headpunct=\toks35
\thm@preskip=\skip112
\thm@postskip=\skip113
\thm@headsep=\skip114
\dth@everypar=\toks36
) (C:\Users\kamil\AppData\Local\Programs\MiKTeX\tex/latex/hyperref\hyperref.sty
Package: hyperref 2023-11-26 v7.01g Hypertext links for LaTeX
 (C:\Users\kamil\AppData\Local\Programs\MiKTeX\tex/generic/kvdefinekeys\kvdefinekeys.sty
Package: kvdefinekeys 2019-12-19 v1.6 Define keys (HO)
) (C:\Users\kamil\AppData\Local\Programs\MiKTeX\tex/generic/pdfescape\pdfescape.sty
Package: pdfescape 2019/12/09 v1.15 Implements pdfTeX's escape features (HO)
) (C:\Users\kamil\AppData\Local\Programs\MiKTeX\tex/latex/hycolor\hycolor.sty
Package: hycolor 2020-01-27 v1.10 Color options for hyperref/bookmark (HO)
) (C:\Users\kamil\AppData\Local\Programs\MiKTeX\tex/latex/letltxmacro\letltxmacro.sty
Package: letltxmacro 2019/12/03 v1.6 Let assignment for LaTeX macros (HO)
) (C:\Users\kamil\AppData\Local\Programs\MiKTeX\tex/latex/auxhook\auxhook.sty
Package: auxhook 2019-12-17 v1.6 Hooks for auxiliary files (HO)
) (C:\Users\kamil\AppData\Local\Programs\MiKTeX\tex/latex/hyperref\nameref.sty
Package: nameref 2023-11-26 v2.56 Cross-referencing by name of section
 (C:\Users\kamil\AppData\Local\Programs\MiKTeX\tex/latex/refcount\refcount.sty
Package: refcount 2019/12/15 v3.6 Data extraction from label references (HO)
) (C:\Users\kamil\AppData\Local\Programs\MiKTeX\tex/generic/gettitlestring\gettitlestring.sty
Package: gettitlestring 2019/12/15 v1.6 Cleanup title references (HO)
)
\c@section@level=\count306
)
\@linkdim=\dimen192
\Hy@linkcounter=\count307
\Hy@pagecounter=\count308
 (C:\Users\kamil\AppData\Local\Programs\MiKTeX\tex/latex/hyperref\pd1enc.def
File: pd1enc.def 2023-11-26 v7.01g Hyperref: PDFDocEncoding definition (HO)
Now handling font encoding PD1 ...
... no UTF-8 mapping file for font encoding PD1
) (C:\Users\kamil\AppData\Local\Programs\MiKTeX\tex/generic/intcalc\intcalc.sty
Package: intcalc 2019/12/15 v1.3 Expandable calculations with integers (HO)
)
\Hy@SavedSpaceFactor=\count309
 (C:\Users\kamil\AppData\Local\Programs\MiKTeX\tex/latex/hyperref\puenc.def
File: puenc.def 2023-11-26 v7.01g Hyperref: PDF Unicode definition (HO)
Now handling font encoding PU ...
... no UTF-8 mapping file for font encoding PU
)
Package hyperref Info: Hyper figures OFF on input line 4181.
Package hyperref Info: Link nesting OFF on input line 4186.
Package hyperref Info: Hyper index ON on input line 4189.
Package hyperref Info: Plain pages OFF on input line 4196.
Package hyperref Info: Backreferencing OFF on input line 4201.
Package hyperref Info: Implicit mode ON; LaTeX internals redefined.
Package hyperref Info: Bookmarks ON on input line 4448.
\c@Hy@tempcnt=\count310
LaTeX Info: Redefining \url on input line 4786.
\XeTeXLinkMargin=\dimen193
 (C:\Users\kamil\AppData\Local\Programs\MiKTeX\tex/generic/bitset\bitset.sty
Package: bitset 2019/12/09 v1.3 Handle bit-vector datatype (HO)
 (C:\Users\kamil\AppData\Local\Programs\MiKTeX\tex/generic/bigintcalc\bigintcalc.sty
Package: bigintcalc 2019/12/15 v1.5 Expandable calculations on big integers (HO)
))
\Fld@menulength=\count311
\Field@Width=\dimen194
\Fld@charsize=\dimen195
Package hyperref Info: Hyper figures OFF on input line 6065.
Package hyperref Info: Link nesting OFF on input line 6070.
Package hyperref Info: Hyper index ON on input line 6073.
Package hyperref Info: backreferencing OFF on input line 6080.
Package hyperref Info: Link coloring OFF on input line 6085.
Package hyperref Info: Link coloring with OCG OFF on input line 6090.
Package hyperref Info: PDF/A mode OFF on input line 6095.
 (C:\Users\kamil\AppData\Local\Programs\MiKTeX\tex/latex/base\atbegshi-ltx.sty
Package: atbegshi-ltx 2021/01/10 v1.0c Emulation of the original atbegshi
package with kernel methods
)
\Hy@abspage=\count312
\c@Item=\count313
\c@Hfootnote=\count314
)
Package hyperref Info: Driver (autodetected): hpdftex.
 (C:\Users\kamil\AppData\Local\Programs\MiKTeX\tex/latex/hyperref\hpdftex.def
File: hpdftex.def 2023-11-26 v7.01g Hyperref driver for pdfTeX
 (C:\Users\kamil\AppData\Local\Programs\MiKTeX\tex/latex/base\atveryend-ltx.sty
Package: atveryend-ltx 2020/08/19 v1.0a Emulation of the original atveryend package
with kernel methods
)
\Fld@listcount=\count315
\c@bookmark@seq@number=\count316
 (C:\Users\kamil\AppData\Local\Programs\MiKTeX\tex/latex/rerunfilecheck\rerunfilecheck.sty
Package: rerunfilecheck 2022-07-10 v1.10 Rerun checks for auxiliary files (HO)
 (C:\Users\kamil\AppData\Local\Programs\MiKTeX\tex/generic/uniquecounter\uniquecounter.sty
Package: uniquecounter 2019/12/15 v1.4 Provide unlimited unique counter (HO)
)
Package uniquecounter Info: New unique counter `rerunfilecheck' on input line 285.
)
\Hy@SectionHShift=\skip115
) (C:\Users\kamil\AppData\Local\Programs\MiKTeX\tex/latex/float\float.sty
Package: float 2001/11/08 v1.3d Float enhancements (AL)
\c@float@type=\count317
\float@exts=\toks37
\float@box=\box66
\@float@everytoks=\toks38
\@floatcapt=\box67
) (C:\Users\kamil\AppData\Local\Programs\MiKTeX\tex/latex/listings\listings.sty
\lst@mode=\count318
\lst@gtempboxa=\box68
\lst@token=\toks39
\lst@length=\count319
\lst@currlwidth=\dimen196
\lst@column=\count320
\lst@pos=\count321
\lst@lostspace=\dimen197
\lst@width=\dimen198
\lst@newlines=\count322
\lst@lineno=\count323
\lst@maxwidth=\dimen199
 (C:\Users\kamil\AppData\Local\Programs\MiKTeX\tex/latex/listings\lstmisc.sty
File: lstmisc.sty 2023/02/27 1.9 (Carsten Heinz)
\c@lstnumber=\count324
\lst@skipnumbers=\count325
\lst@framebox=\box69
) (C:\Users\kamil\AppData\Local\Programs\MiKTeX\tex/latex/listings\listings.cfg
File: listings.cfg 2023/02/27 1.9 listings configuration
))
Package: listings 2023/02/27 1.9 (Carsten Heinz)
 (C:\Users\kamil\AppData\Local\Programs\MiKTeX\tex/latex/booktabs\booktabs.sty
Package: booktabs 2020/01/12 v1.61803398 Publication quality tables
\heavyrulewidth=\dimen256
\lightrulewidth=\dimen257
\cmidrulewidth=\dimen258
\belowrulesep=\dimen259
\belowbottomsep=\dimen260
\aboverulesep=\dimen261
\abovetopsep=\dimen262
\cmidrulesep=\dimen263
\cmidrulekern=\dimen264
\defaultaddspace=\dimen265
\@cmidla=\count326
\@cmidlb=\count327
\@aboverulesep=\dimen266
\@belowrulesep=\dimen267
\@thisruleclass=\count328
\@lastruleclass=\count329
\@thisrulewidth=\dimen268
) (C:\Users\kamil\AppData\Local\Programs\MiKTeX\tex/latex/multirow\multirow.sty
Package: multirow 2024/11/12 v2.9 Span multiple rows of a table
\multirow@colwidth=\skip116
\multirow@cntb=\count330
\multirow@dima=\skip117
\bigstrutjot=\dimen269
) (C:\Users\kamil\AppData\Local\Programs\MiKTeX\tex/latex/tools\tabularx.sty
Package: tabularx 2023/07/08 v2.11c `tabularx' package (DPC)
\TX@col@width=\dimen270
\TX@old@table=\dimen271
\TX@old@col=\dimen272
\TX@target=\dimen273
\TX@delta=\dimen274
\TX@cols=\count331
\TX@ftn=\toks40
) (C:\Users\kamil\AppData\Local\Programs\MiKTeX\tex/latex/amsfonts\amssymb.sty
Package: amssymb 2013/01/14 v3.01 AMS font symbols
) (C:\Users\kamil\AppData\Local\Programs\MiKTeX\tex/latex/xcolor\xcolor.sty
Package: xcolor 2023/11/15 v3.01 LaTeX color extensions (UK)
 (C:\Users\kamil\AppData\Local\Programs\MiKTeX\tex/latex/graphics-cfg\color.cfg
File: color.cfg 2016/01/02 v1.6 sample color configuration
)
Package xcolor Info: Driver file: pdftex.def on input line 274.
LaTeX Info: Redefining \color on input line 758.
 (C:\Users\kamil\AppData\Local\Programs\MiKTeX\tex/latex/graphics\mathcolor.ltx)
Package xcolor Info: Model `cmy' substituted by `cmy0' on input line 1350.
Package xcolor Info: Model `hsb' substituted by `rgb' on input line 1354.
Package xcolor Info: Model `RGB' extended on input line 1366.
Package xcolor Info: Model `HTML' substituted by `rgb' on input line 1368.
Package xcolor Info: Model `Hsb' substituted by `hsb' on input line 1369.
Package xcolor Info: Model `tHsb' substituted by `hsb' on input line 1370.
Package xcolor Info: Model `HSB' substituted by `hsb' on input line 1371.
Package xcolor Info: Model `Gray' substituted by `gray' on input line 1372.
Package xcolor Info: Model `wave' substituted by `hsb' on input line 1373.
) (C:\Users\kamil\AppData\Local\Programs\MiKTeX\tex/latex/makecell\makecell.sty
Package: makecell 2009/08/03 V0.1e Managing of Tab Column Heads and Cells
\rotheadsize=\dimen275
\c@nlinenum=\count332
\TeXr@lab=\toks41
) (C:\Users\kamil\AppData\Local\Programs\MiKTeX\tex/latex/threeparttable\threeparttable.sty
Package: threeparttable 2003/06/13  v 3.0
\@tempboxb=\box70
) (C:\Users\kamil\AppData\Local\Programs\MiKTeX\tex/latex/ulem\ulem.sty
\UL@box=\box71
\UL@hyphenbox=\box72
\UL@skip=\skip118
\UL@hook=\toks42
\UL@height=\dimen276
\UL@pe=\count333
\UL@pixel=\dimen277
\ULC@box=\box73
Package: ulem 2019/11/18
\ULdepth=\dimen278
) (C:\Users\kamil\AppData\Local\Programs\MiKTeX\tex/latex/lineno\lineno.sty
Package: lineno 2025/05/13 line numbers on paragraphs v5.5
\linenopenalty=\count334
\output=\toks43
\linenoprevgraf=\count335
\linenumbersep=\dimen279
\linenumberwidth=\dimen280
\c@linenumber=\count336
\c@pagewiselinenumber=\count337
\c@LN@truepage=\count338
\c@internallinenumber=\count339
\c@internallinenumbers=\count340
\quotelinenumbersep=\dimen281
\bframerule=\dimen282
\bframesep=\dimen283
\bframebox=\box74
\@LN@amsmath@ams@eqpen=\count341
) (C:\Users\kamil\AppData\Local\Programs\MiKTeX\tex/latex/csquotes\csquotes.sty
Package: csquotes 2024-04-04 v5.2o context-sensitive quotations (JAW)
\csq@reset=\count342
\csq@gtype=\count343
\csq@glevel=\count344
\csq@qlevel=\count345
\csq@maxlvl=\count346
\csq@tshold=\count347
\csq@ltx@everypar=\toks44
 (C:\Users\kamil\AppData\Local\Programs\MiKTeX\tex/latex/csquotes\csquotes.def
File: csquotes.def 2024-04-04 v5.2o csquotes generic definitions (JAW)
)
Package csquotes Info: Trying to load configuration file 'csquotes.cfg'...
Package csquotes Info: ... configuration file loaded successfully.
 (C:\Users\kamil\AppData\Local\Programs\MiKTeX\tex/latex/csquotes\csquotes.cfg
File: csquotes.cfg 
)) (C:\Users\kamil\AppData\Local\Programs\MiKTeX\tex/latex/psnfss\courier.sty
Package: courier 2020/03/25 PSNFSS-v9.3 (WaS) 
) (C:\Users\kamil\AppData\Local\Programs\MiKTeX\tex/latex/listings\lstlang1.sty
File: lstlang1.sty 2023/02/27 1.9 listings language file
) (C:\Users\kamil\AppData\Local\Programs\MiKTeX\tex/latex/listings\lstlang2.sty
File: lstlang2.sty 2023/02/27 1.9 listings language file
) (C:\Users\kamil\AppData\Local\Programs\MiKTeX\tex/latex/listings\lstlang3.sty
File: lstlang3.sty 2023/02/27 1.9 listings language file
)
Package csquotes Info: Checking for multilingual support...
Package csquotes Info: ... found 'babel' package.
Package csquotes Info: Adjusting default style.
Package csquotes Info: Redefining alias 'default' -> 'polish'.
 (C:\Users\kamil\AppData\Local\Programs\MiKTeX\tex/latex/l3backend\l3backend-pdftex.def
File: l3backend-pdftex.def 2024-01-04 L3 backend support: PDF output (pdfTeX)
\l__color_backend_stack_int=\count348
\l__pdf_internal_box=\box75
) (kk134927.aux (chapters/1_Streszczenie.aux) (chapters/2_Opis_zalozen_projektu.aux) (chapters/3_Opis_struktury_projektu.aux) (chapters/4_Harmonogram.aux) (chapters/5_Prezentacja_warstwy_użytkowej_projektu.aux) (chapters/6_Testowanie_okienek_błedów_itp.aux

LaTeX Warning: Label `fig:login_win' multiply defined.


LaTeX Warning: Label `fig:register_win' multiply defined.


LaTeX Warning: Label `fig:register_win' multiply defined.


LaTeX Warning: Label `fig:reservation_win' multiply defined.


LaTeX Warning: Label `fig:reservation_win' multiply defined.


LaTeX Warning: Label `fig:reservation_win' multiply defined.

) (chapters/7_Podsumowanie.aux) (appendix/statement-A.aux))
\openout1 = `kk134927.aux'.

LaTeX Font Info:    Checking defaults for OML/cmm/m/it on input line 200.
LaTeX Font Info:    ... okay on input line 200.
LaTeX Font Info:    Checking defaults for OMS/cmsy/m/n on input line 200.
LaTeX Font Info:    ... okay on input line 200.
LaTeX Font Info:    Checking defaults for OT1/cmr/m/n on input line 200.
LaTeX Font Info:    ... okay on input line 200.
LaTeX Font Info:    Checking defaults for T1/cmr/m/n on input line 200.
LaTeX Font Info:    ... okay on input line 200.
LaTeX Font Info:    Checking defaults for TS1/cmr/m/n on input line 200.
LaTeX Font Info:    ... okay on input line 200.
LaTeX Font Info:    Checking defaults for OMX/cmex/m/n on input line 200.
LaTeX Font Info:    ... okay on input line 200.
LaTeX Font Info:    Checking defaults for U/cmr/m/n on input line 200.
LaTeX Font Info:    ... okay on input line 200.
LaTeX Font Info:    Checking defaults for PD1/pdf/m/n on input line 200.
LaTeX Font Info:    ... okay on input line 200.
LaTeX Font Info:    Checking defaults for PU/pdf/m/n on input line 200.
LaTeX Font Info:    ... okay on input line 200.
 (C:\Users\kamil\AppData\Local\Programs\MiKTeX\tex/context/base/mkii\supp-pdf.mkii
[Loading MPS to PDF converter (version 2006.09.02).]
\scratchcounter=\count349
\scratchdimen=\dimen284
\scratchbox=\box76
\nofMPsegments=\count350
\nofMParguments=\count351
\everyMPshowfont=\toks45
\MPscratchCnt=\count352
\MPscratchDim=\dimen285
\MPnumerator=\count353
\makeMPintoPDFobject=\count354
\everyMPtoPDFconversion=\toks46
) (C:\Users\kamil\AppData\Local\Programs\MiKTeX\tex/latex/epstopdf-pkg\epstopdf-base.sty
Package: epstopdf-base 2020-01-24 v2.11 Base part for package epstopdf
Package epstopdf-base Info: Redefining graphics rule for `.eps' on input line 485.
 (C:\Users\kamil\AppData\Local\Programs\MiKTeX\tex/latex/00miktex\epstopdf-sys.cfg
File: epstopdf-sys.cfg 2021/03/18 v2.0 Configuration of epstopdf for MiKTeX
))
*geometry* driver: auto-detecting
*geometry* detected driver: pdftex
*geometry* verbose mode - [ preamble ] result:
* driver: pdftex
* paper: <default>
* layout: <same size as paper>
* layoutoffset:(h,v)=(0.0pt,0.0pt)
* modes: twoside 
* h-part:(L,W,R)=(99.58464pt, 426.79135pt, 71.13188pt)
* v-part:(T,H,B)=(71.13188pt, 702.78308pt, 71.13188pt)
* \paperwidth=597.50787pt
* \paperheight=845.04684pt
* \textwidth=426.79135pt
* \textheight=702.78308pt
* \oddsidemargin=27.31465pt
* \evensidemargin=-1.1381pt
* \topmargin=-54.59085pt
* \headheight=28.45274pt
* \headsep=25.0pt
* \topskip=10.0pt
* \footskip=28.45274pt
* \marginparwidth=111.0pt
* \marginparsep=11.0pt
* \columnsep=10.0pt
* \skip\footins=9.0pt plus 4.0pt minus 2.0pt
* \hoffset=0.0pt
* \voffset=0.0pt
* \mag=1000
* \@twocolumnfalse
* \@twosidetrue
* \@mparswitchtrue
* \@reversemarginfalse
* (1in=72.27pt=25.4mm, 1cm=28.453pt)

Package caption Info: Begin \AtBeginDocument code.
Package caption Info: float package is loaded.
Package caption Info: hyperref package is loaded.
Package caption Info: listings package is loaded.
Package caption Info: threeparttable package is loaded.
Package caption Info: End \AtBeginDocument code.
(C:\Users\kamil\AppData\Local\Programs\MiKTeX\tex/latex/translations/dicts\translations-basic-dictionary-polish.trsl
File: translations-basic-dictionary-polish.trsl (polish translation file `translations-basic-dictionary')
)
Package translations Info: loading dictionary `translations-basic-dictionary' for `polish'. on input line 200.
 (C:\Users\kamil\AppData\Local\Programs\MiKTeX\tex/latex/translations/dicts\translations-basic-dictionary-english.trsl
File: translations-basic-dictionary-english.trsl (english translation file `translations-basic-dictionary')
)
Package translations Info: loading dictionary `translations-basic-dictionary' for `english'. on input line 200.
Package hyperref Info: Link coloring OFF on input line 200.
 (kk134927.out) (kk134927.out)
\@outlinefile=\write3
\openout3 = `kk134927.out'.

\c@lstlisting=\count355
LaTeX Font Info:    Trying to load font information for T1+phv on input line 202.
 (C:\Users\kamil\AppData\Local\Programs\MiKTeX\tex/latex/psnfss\t1phv.fd
File: t1phv.fd 2020/03/25 scalable font definitions for T1/phv.
)
LaTeX Font Info:    Trying to load font information for U+msa on input line 202.
 (C:\Users\kamil\AppData\Local\Programs\MiKTeX\tex/latex/amsfonts\umsa.fd
File: umsa.fd 2013/01/14 v3.01 AMS symbols A
)
LaTeX Font Info:    Trying to load font information for U+msb on input line 202.
 (C:\Users\kamil\AppData\Local\Programs\MiKTeX\tex/latex/amsfonts\umsb.fd
File: umsb.fd 2013/01/14 v3.01 AMS symbols B
)
<figures/ur.jpg, id=130, 134.00063pt x 134.00063pt>
File: figures/ur.jpg Graphic file (type jpg)
<use figures/ur.jpg>
Package pdftex.def Info: figures/ur.jpg  used on input line 202.
(pdftex.def)             Requested size: 93.79977pt x 93.79977pt.

Overfull \hbox (1.90001pt too wide) in paragraph at lines 202--202
$[]$  $[]$ 
 []

LaTeX Font Info:    Font shape `T1/phv/m/it' in size <14.4> not available
(Font)              Font shape `T1/phv/m/sl' tried instead on input line 202.
[1

{C:/Users/kamil/AppData/Local/MiKTeX/fonts/map/pdftex/pdftex.map}{C:/Users/kamil/AppData/Local/Programs/MiKTeX/fonts/enc/dvips/base/8r.enc} <./figures/ur.jpg>]
pdfTeX warning (ext4): destination with the same identifier (name{page.1}) has been already used, duplicate ignored
<to be read again> 
                   \relax 
l.202 \titlepages
                  [1


] (kk134927.toc)
\tf@toc=\write4
\openout4 = `kk134927.toc'.

 [5

]
\openout2 = `chapters/1_Streszczenie.aux'.

 (chapters/1_Streszczenie.tex
Rozdzia\l  1.
) [6


]
\openout2 = `chapters/2_Opis_zalozen_projektu.aux'.

 (chapters/2_Opis_zalozen_projektu.tex
Rozdzia\l  2.
) [7




]
\openout2 = `chapters/3_Opis_struktury_projektu.aux'.

 (chapters/3_Opis_struktury_projektu.tex
Rozdzia\l  3.

Underfull \hbox (badness 10000) in paragraph at lines 9--10

 []

LaTeX Font Info:    Trying to load font information for TS1+ptm on input line 15.
(C:\Users\kamil\AppData\Local\Programs\MiKTeX\tex/latex/psnfss\ts1ptm.fd
File: ts1ptm.fd 2001/06/04 font definitions for TS1/ptm.
)
Underfull \hbox (badness 10000) in paragraph at lines 19--20

 []


Underfull \hbox (badness 10000) in paragraph at lines 34--35

 []


Underfull \hbox (badness 10000) in paragraph at lines 50--51

 []

[8




] [9]
Package epstopdf Info: Source file: <figures/diagram.eps>
(epstopdf)                    date: 2025-06-15 14:32:55
(epstopdf)                    size: 253825 bytes
(epstopdf)             Output file: <figures/diagram-eps-converted-to.pdf>
(epstopdf)                    date: 2025-06-15 14:37:30
(epstopdf)                    size: 375808 bytes
(epstopdf)             Command: <miktex-epstopdf --outfile=figures/diagram-eps-converted-to.pdf figures/diagram.eps>
(epstopdf)             \includegraphics on input line 74.
Package epstopdf Info: Output file is already uptodate.
<figures/diagram-eps-converted-to.pdf, id=200, 2210.2575pt x 1141.26375pt>
File: figures/diagram-eps-converted-to.pdf Graphic file (type pdf)
<use figures/diagram-eps-converted-to.pdf>
Package pdftex.def Info: figures/diagram-eps-converted-to.pdf  used on input line 74.
(pdftex.def)             Requested size: 469.47308pt x 242.4065pt.

Overfull \hbox (42.68173pt too wide) in paragraph at lines 74--75
 [][] 
 []

[10

 <./figures/diagram-eps-converted-to.pdf>]
Package epstopdf Info: Source file: <figures/dbd.eps>
(epstopdf)                    date: 2025-06-15 14:58:32
(epstopdf)                    size: 2149889 bytes
(epstopdf)             Output file: <figures/dbd-eps-converted-to.pdf>
(epstopdf)                    date: 2025-06-15 15:03:45
(epstopdf)                    size: 798196 bytes
(epstopdf)             Command: <miktex-epstopdf --outfile=figures/dbd-eps-converted-to.pdf figures/dbd.eps>
(epstopdf)             \includegraphics on input line 87.
Package epstopdf Info: Output file is already uptodate.
<figures/dbd-eps-converted-to.pdf, id=209, 3278.2475pt x 1441.385pt>
File: figures/dbd-eps-converted-to.pdf Graphic file (type pdf)
<use figures/dbd-eps-converted-to.pdf>
Package pdftex.def Info: figures/dbd-eps-converted-to.pdf  used on input line 87.
(pdftex.def)             Requested size: 426.79135pt x 187.65054pt.
 [11

 <./figures/dbd-eps-converted-to.pdf>]) [12

]
\openout2 = `chapters/4_Harmonogram.aux'.

 (chapters/4_Harmonogram.tex
Rozdzia\l  4.
Package epstopdf Info: Source file: <figures/gantt.eps>
(epstopdf)                    date: 2025-06-15 15:33:26
(epstopdf)                    size: 351695 bytes
(epstopdf)             Output file: <figures/gantt-eps-converted-to.pdf>
(epstopdf)                    date: 2025-06-15 15:37:41
(epstopdf)                    size: 92714 bytes
(epstopdf)             Command: <miktex-epstopdf --outfile=figures/gantt-eps-converted-to.pdf figures/gantt.eps>
(epstopdf)             \includegraphics on input line 15.
Package epstopdf Info: Output file is already uptodate.
<figures/gantt-eps-converted-to.pdf, id=222, 252.945pt x 138.5175pt>
File: figures/gantt-eps-converted-to.pdf Graphic file (type pdf)
<use figures/gantt-eps-converted-to.pdf>
Package pdftex.def Info: figures/gantt-eps-converted-to.pdf  used on input line 15.
(pdftex.def)             Requested size: 426.79135pt x 233.72444pt.
[13




 <./figures/gantt-eps-converted-to.pdf>]) [14]
\openout2 = `chapters/5_Prezentacja_warstwy_użytkowej_projektu.aux'.

 (chapters/5_Prezentacja_warstwy_użytkowej_projektu.tex
Rozdzia\l  5.
Package epstopdf Info: Source file: <figures/login.eps>
(epstopdf)                    date: 2025-06-15 15:48:45
(epstopdf)                    size: 194195 bytes
(epstopdf)             Output file: <figures/login-eps-converted-to.pdf>
(epstopdf)                    date: 2025-06-15 15:56:42
(epstopdf)                    size: 74177 bytes
(epstopdf)             Command: <miktex-epstopdf --outfile=figures/login-eps-converted-to.pdf figures/login.eps>
(epstopdf)             \includegraphics on input line 10.
Package epstopdf Info: Output file is already uptodate.
<figures/login-eps-converted-to.pdf, id=236, 391.4625pt x 206.7725pt>
File: figures/login-eps-converted-to.pdf Graphic file (type pdf)
<use figures/login-eps-converted-to.pdf>
Package pdftex.def Info: figures/login-eps-converted-to.pdf  used on input line 10.
(pdftex.def)             Requested size: 341.43437pt x 180.35756pt.
Package epstopdf Info: Source file: <figures/register.eps>
(epstopdf)                    date: 2025-06-15 16:03:01
(epstopdf)                    size: 208261 bytes
(epstopdf)             Output file: <figures/register-eps-converted-to.pdf>
(epstopdf)                    date: 2025-06-15 16:03:37
(epstopdf)                    size: 106032 bytes
(epstopdf)             Command: <miktex-epstopdf --outfile=figures/register-eps-converted-to.pdf figures/register.eps>
(epstopdf)             \includegraphics on input line 21.
Package epstopdf Info: Output file is already uptodate.
<figures/register-eps-converted-to.pdf, id=237, 391.4625pt x 206.7725pt>
File: figures/register-eps-converted-to.pdf Graphic file (type pdf)
<use figures/register-eps-converted-to.pdf>
Package pdftex.def Info: figures/register-eps-converted-to.pdf  used on input line 21.
(pdftex.def)             Requested size: 341.43437pt x 180.35756pt.

Underfull \vbox (badness 10000) has occurred while \output is active []

 [15




 <./figures/login-eps-converted-to.pdf>]
Package epstopdf Info: Source file: <figures/after.eps>
(epstopdf)                    date: 2025-06-15 16:05:43
(epstopdf)                    size: 266756 bytes
(epstopdf)             Output file: <figures/after-eps-converted-to.pdf>
(epstopdf)                    date: 2025-06-15 16:06:06
(epstopdf)                    size: 121160 bytes
(epstopdf)             Command: <miktex-epstopdf --outfile=figures/after-eps-converted-to.pdf figures/after.eps>
(epstopdf)             \includegraphics on input line 32.
Package epstopdf Info: Output file is already uptodate.
<figures/after-eps-converted-to.pdf, id=247, 391.4625pt x 207.77625pt>
File: figures/after-eps-converted-to.pdf Graphic file (type pdf)
<use figures/after-eps-converted-to.pdf>
Package pdftex.def Info: figures/after-eps-converted-to.pdf  used on input line 32.
(pdftex.def)             Requested size: 341.43437pt x 181.23308pt.
Package epstopdf Info: Source file: <figures/without.eps>
(epstopdf)                    date: 2025-06-15 16:08:54
(epstopdf)                    size: 305852 bytes
(epstopdf)             Output file: <figures/without-eps-converted-to.pdf>
(epstopdf)                    date: 2025-06-15 16:09:12
(epstopdf)                    size: 175231 bytes
(epstopdf)             Command: <miktex-epstopdf --outfile=figures/without-eps-converted-to.pdf figures/without.eps>
(epstopdf)             \includegraphics on input line 43.
Package epstopdf Info: Output file is already uptodate.
<figures/without-eps-converted-to.pdf, id=248, 462.72874pt x 245.91875pt>
File: figures/without-eps-converted-to.pdf Graphic file (type pdf)
<use figures/without-eps-converted-to.pdf>
Package pdftex.def Info: figures/without-eps-converted-to.pdf  used on input line 43.
(pdftex.def)             Requested size: 341.43437pt x 181.45918pt.

Underfull \vbox (badness 10000) has occurred while \output is active []

 [16 <./figures/register-eps-converted-to.pdf> <./figures/after-eps-converted-to.pdf>]
Package epstopdf Info: Source file: <figures/lakes.eps>
(epstopdf)                    date: 2025-06-15 16:13:10
(epstopdf)                    size: 350310 bytes
(epstopdf)             Output file: <figures/lakes-eps-converted-to.pdf>
(epstopdf)                    date: 2025-06-15 16:13:31
(epstopdf)                    size: 204005 bytes
(epstopdf)             Command: <miktex-epstopdf --outfile=figures/lakes-eps-converted-to.pdf figures/lakes.eps>
(epstopdf)             \includegraphics on input line 54.
Package epstopdf Info: Output file is already uptodate.
<figures/lakes-eps-converted-to.pdf, id=261, 391.4625pt x 207.77625pt>
File: figures/lakes-eps-converted-to.pdf Graphic file (type pdf)
<use figures/lakes-eps-converted-to.pdf>
Package pdftex.def Info: figures/lakes-eps-converted-to.pdf  used on input line 54.
(pdftex.def)             Requested size: 341.43437pt x 181.23308pt.
Package epstopdf Info: Source file: <figures/rods.eps>
(epstopdf)                    date: 2025-06-15 16:14:56
(epstopdf)                    size: 431422 bytes
(epstopdf)             Output file: <figures/rods-eps-converted-to.pdf>
(epstopdf)                    date: 2025-06-15 16:15:10
(epstopdf)                    size: 259704 bytes
(epstopdf)             Command: <miktex-epstopdf --outfile=figures/rods-eps-converted-to.pdf figures/rods.eps>
(epstopdf)             \includegraphics on input line 65.
Package epstopdf Info: Output file is already uptodate.
<figures/rods-eps-converted-to.pdf, id=262, 391.4625pt x 206.7725pt>
File: figures/rods-eps-converted-to.pdf Graphic file (type pdf)
<use figures/rods-eps-converted-to.pdf>
Package pdftex.def Info: figures/rods-eps-converted-to.pdf  used on input line 65.
(pdftex.def)             Requested size: 341.43437pt x 180.35756pt.

Underfull \vbox (badness 10000) has occurred while \output is active []

 [17 <./figures/without-eps-converted-to.pdf> <./figures/lakes-eps-converted-to.pdf>]
Package epstopdf Info: Source file: <figures/houses.eps>
(epstopdf)                    date: 2025-06-15 16:16:31
(epstopdf)                    size: 275553 bytes
(epstopdf)             Output file: <figures/houses-eps-converted-to.pdf>
(epstopdf)                    date: 2025-06-15 16:17:08
(epstopdf)                    size: 188848 bytes
(epstopdf)             Command: <miktex-epstopdf --outfile=figures/houses-eps-converted-to.pdf figures/houses.eps>
(epstopdf)             \includegraphics on input line 76.
Package epstopdf Info: Output file is already uptodate.
<figures/houses-eps-converted-to.pdf, id=275, 391.4625pt x 207.77625pt>
File: figures/houses-eps-converted-to.pdf Graphic file (type pdf)
<use figures/houses-eps-converted-to.pdf>
Package pdftex.def Info: figures/houses-eps-converted-to.pdf  used on input line 76.
(pdftex.def)             Requested size: 341.43437pt x 181.23308pt.
Package epstopdf Info: Source file: <figures/history.eps>
(epstopdf)                    date: 2025-06-15 16:18:13
(epstopdf)                    size: 491322 bytes
(epstopdf)             Output file: <figures/history-eps-converted-to.pdf>
(epstopdf)                    date: 2025-06-15 16:18:31
(epstopdf)                    size: 313250 bytes
(epstopdf)             Command: <miktex-epstopdf --outfile=figures/history-eps-converted-to.pdf figures/history.eps>
(epstopdf)             \includegraphics on input line 87.
Package epstopdf Info: Output file is already uptodate.
<figures/history-eps-converted-to.pdf, id=276, 391.4625pt x 206.7725pt>
File: figures/history-eps-converted-to.pdf Graphic file (type pdf)
<use figures/history-eps-converted-to.pdf>
Package pdftex.def Info: figures/history-eps-converted-to.pdf  used on input line 87.
(pdftex.def)             Requested size: 341.43437pt x 180.35756pt.

Underfull \vbox (badness 10000) has occurred while \output is active []

 [18 <./figures/rods-eps-converted-to.pdf> <./figures/houses-eps-converted-to.pdf>]) [19 <./figures/history-eps-converted-to.pdf>]
\openout2 = `chapters/6_Testowanie_okienek_błedów_itp.aux'.

 (chapters/6_Testowanie_okienek_błedów_itp.tex
Rozdzia\l  6.
Package epstopdf Info: Source file: <figures/l1.eps>
(epstopdf)                    date: 2025-06-15 16:31:17
(epstopdf)                    size: 23407 bytes
(epstopdf)             Output file: <figures/l1-eps-converted-to.pdf>
(epstopdf)                    date: 2025-06-15 16:31:28
(epstopdf)                    size: 8427 bytes
(epstopdf)             Command: <miktex-epstopdf --outfile=figures/l1-eps-converted-to.pdf figures/l1.eps>
(epstopdf)             \includegraphics on input line 11.
Package epstopdf Info: Output file is already uptodate.
<figures/l1-eps-converted-to.pdf, id=297, 79.29625pt x 36.135pt>
File: figures/l1-eps-converted-to.pdf Graphic file (type pdf)
<use figures/l1-eps-converted-to.pdf>
Package pdftex.def Info: figures/l1-eps-converted-to.pdf  used on input line 11.
(pdftex.def)             Requested size: 341.43437pt x 155.61887pt.
Package epstopdf Info: Source file: <figures/l2.eps>
(epstopdf)                    date: 2025-06-15 16:33:46
(epstopdf)                    size: 37160 bytes
(epstopdf)             Output file: <figures/l2-eps-converted-to.pdf>
(epstopdf)                    date: 2025-06-15 16:36:12
(epstopdf)                    size: 12328 bytes
(epstopdf)             Command: <miktex-epstopdf --outfile=figures/l2-eps-converted-to.pdf figures/l2.eps>
(epstopdf)             \includegraphics on input line 22.
Package epstopdf Info: Output file is already uptodate.
<figures/l2-eps-converted-to.pdf, id=298, 108.405pt x 39.14626pt>
File: figures/l2-eps-converted-to.pdf Graphic file (type pdf)
<use figures/l2-eps-converted-to.pdf>
Package pdftex.def Info: figures/l2-eps-converted-to.pdf  used on input line 22.
(pdftex.def)             Requested size: 341.43437pt x 123.32924pt.
Package epstopdf Info: Source file: <figures/r1.eps>
(epstopdf)                    date: 2025-06-15 17:08:28
(epstopdf)                    size: 22588 bytes
(epstopdf)             Output file: <figures/r1-eps-converted-to.pdf>
(epstopdf)                    date: 2025-06-15 17:08:39
(epstopdf)                    size: 8363 bytes
(epstopdf)             Command: <miktex-epstopdf --outfile=figures/r1-eps-converted-to.pdf figures/r1.eps>
(epstopdf)             \includegraphics on input line 34.
Package epstopdf Info: Output file is already uptodate.
<figures/r1-eps-converted-to.pdf, id=299, 84.315pt x 36.135pt>
File: figures/r1-eps-converted-to.pdf Graphic file (type pdf)
<use figures/r1-eps-converted-to.pdf>
Package pdftex.def Info: figures/r1-eps-converted-to.pdf  used on input line 34.
(pdftex.def)             Requested size: 341.43437pt x 146.33261pt.

Underfull \vbox (badness 1939) has occurred while \output is active []

 [20




 <./figures/l1-eps-converted-to.pdf> <./figures/l2-eps-converted-to.pdf>]
Package epstopdf Info: Source file: <figures/r2.eps>
(epstopdf)                    date: 2025-06-15 17:10:32
(epstopdf)                    size: 25096 bytes
(epstopdf)             Output file: <figures/r2-eps-converted-to.pdf>
(epstopdf)                    date: 2025-06-15 17:10:41
(epstopdf)                    size: 9430 bytes
(epstopdf)             Command: <miktex-epstopdf --outfile=figures/r2-eps-converted-to.pdf figures/r2.eps>
(epstopdf)             \includegraphics on input line 43.
Package epstopdf Info: Output file is already uptodate.
<figures/r2-eps-converted-to.pdf, id=312, 93.34875pt x 36.135pt>
File: figures/r2-eps-converted-to.pdf Graphic file (type pdf)
<use figures/r2-eps-converted-to.pdf>
Package pdftex.def Info: figures/r2-eps-converted-to.pdf  used on input line 43.
(pdftex.def)             Requested size: 341.43437pt x 132.17442pt.
Package epstopdf Info: Source file: <figures/r3.eps>
(epstopdf)                    date: 2025-06-15 17:12:38
(epstopdf)                    size: 21175 bytes
(epstopdf)             Output file: <figures/r3-eps-converted-to.pdf>
(epstopdf)                    date: 2025-06-15 17:13:01
(epstopdf)                    size: 8265 bytes
(epstopdf)             Command: <miktex-epstopdf --outfile=figures/r3-eps-converted-to.pdf figures/r3.eps>
(epstopdf)             \includegraphics on input line 52.
Package epstopdf Info: Output file is already uptodate.
<figures/r3-eps-converted-to.pdf, id=313, 77.28876pt x 36.135pt>
File: figures/r3-eps-converted-to.pdf Graphic file (type pdf)
<use figures/r3-eps-converted-to.pdf>
Package pdftex.def Info: figures/r3-eps-converted-to.pdf  used on input line 52.
(pdftex.def)             Requested size: 341.43437pt x 159.6461pt.
Package epstopdf Info: Source file: <figures/r4.eps>
(epstopdf)                    date: 2025-06-15 17:15:37
(epstopdf)                    size: 29089 bytes
(epstopdf)             Output file: <figures/r4-eps-converted-to.pdf>
(epstopdf)                    date: 2025-06-15 17:16:22
(epstopdf)                    size: 10225 bytes
(epstopdf)             Command: <miktex-epstopdf --outfile=figures/r4-eps-converted-to.pdf figures/r4.eps>
(epstopdf)             \includegraphics on input line 63.
Package epstopdf Info: Output file is already uptodate.
<figures/r4-eps-converted-to.pdf, id=314, 121.45375pt x 35.13126pt>
File: figures/r4-eps-converted-to.pdf Graphic file (type pdf)
<use figures/r4-eps-converted-to.pdf>
Package pdftex.def Info: figures/r4-eps-converted-to.pdf  used on input line 63.
(pdftex.def)             Requested size: 341.43437pt x 98.77472pt.
 [21 <./figures/r1-eps-converted-to.pdf> <./figures/r2-eps-converted-to.pdf> <./figures/r3-eps-converted-to.pdf>]
Package epstopdf Info: Source file: <figures/r5.eps>
(epstopdf)                    date: 2025-06-15 17:18:45
(epstopdf)                    size: 28241 bytes
(epstopdf)             Output file: <figures/r5-eps-converted-to.pdf>
(epstopdf)                    date: 2025-06-15 17:19:22
(epstopdf)                    size: 10123 bytes
(epstopdf)             Command: <miktex-epstopdf --outfile=figures/r5-eps-converted-to.pdf figures/r5.eps>
(epstopdf)             \includegraphics on input line 72.
Package epstopdf Info: Output file is already uptodate.
<figures/r5-eps-converted-to.pdf, id=332, 114.4275pt x 35.13126pt>
File: figures/r5-eps-converted-to.pdf Graphic file (type pdf)
<use figures/r5-eps-converted-to.pdf>
Package pdftex.def Info: figures/r5-eps-converted-to.pdf  used on input line 72.
(pdftex.def)             Requested size: 341.43437pt x 104.84505pt.
Package epstopdf Info: Source file: <figures/r6.eps>
(epstopdf)                    date: 2025-06-15 17:23:36
(epstopdf)                    size: 26776 bytes
(epstopdf)             Output file: <figures/r6-eps-converted-to.pdf>
(epstopdf)                    date: 2025-06-15 17:25:31
(epstopdf)                    size: 9882 bytes
(epstopdf)             Command: <miktex-epstopdf --outfile=figures/r6-eps-converted-to.pdf figures/r6.eps>
(epstopdf)             \includegraphics on input line 84.
Package epstopdf Info: Output file is already uptodate.
<figures/r6-eps-converted-to.pdf, id=333, 100.375pt x 36.135pt>
File: figures/r6-eps-converted-to.pdf Graphic file (type pdf)
<use figures/r6-eps-converted-to.pdf>
Package pdftex.def Info: figures/r6-eps-converted-to.pdf  used on input line 84.
(pdftex.def)             Requested size: 341.43437pt x 122.95378pt.
Package epstopdf Info: Source file: <figures/r7.eps>
(epstopdf)                    date: 2025-06-15 17:25:13
(epstopdf)                    size: 28065 bytes
(epstopdf)             Output file: <figures/r7-eps-converted-to.pdf>
(epstopdf)                    date: 2025-06-15 17:25:33
(epstopdf)                    size: 10045 bytes
(epstopdf)             Command: <miktex-epstopdf --outfile=figures/r7-eps-converted-to.pdf figures/r7.eps>
(epstopdf)             \includegraphics on input line 93.
Package epstopdf Info: Output file is already uptodate.
<figures/r7-eps-converted-to.pdf, id=334, 113.42375pt x 35.13126pt>
File: figures/r7-eps-converted-to.pdf Graphic file (type pdf)
<use figures/r7-eps-converted-to.pdf>
Package pdftex.def Info: figures/r7-eps-converted-to.pdf  used on input line 93.
(pdftex.def)             Requested size: 341.43437pt x 105.76976pt.
 [22 <./figures/r4-eps-converted-to.pdf> <./figures/r5-eps-converted-to.pdf> <./figures/r6-eps-converted-to.pdf>]) [23 <./figures/r7-eps-converted-to.pdf>]
\openout2 = `chapters/7_Podsumowanie.aux'.

 (chapters/7_Podsumowanie.tex
Rozdzia\l  7.
) [24




] (kk134927.lof)
\tf@lof=\write5
\openout5 = `kk134927.lof'.

 [25



]
\openout2 = `appendix/statement-A.aux'.

 (appendix/statement-A.tex
Package epstopdf Info: Source file: <figures/oswiadczenie.eps>
(epstopdf)                    date: 2025-06-15 18:18:32
(epstopdf)                    size: 3137713 bytes
(epstopdf)             Output file: <figures/oswiadczenie-eps-converted-to.pdf>
(epstopdf)                    date: 2025-06-15 18:20:36
(epstopdf)                    size: 230159 bytes
(epstopdf)             Command: <miktex-epstopdf --outfile=figures/oswiadczenie-eps-converted-to.pdf figures/oswiadczenie.eps>
(epstopdf)             \includegraphics on input line 7.
Package epstopdf Info: Output file is already uptodate.
<figures/oswiadczenie-eps-converted-to.pdf, id=389, 320.19624pt x 499.8675pt>
File: figures/oswiadczenie-eps-converted-to.pdf Graphic file (type pdf)
<use figures/oswiadczenie-eps-converted-to.pdf>
Package pdftex.def Info: figures/oswiadczenie-eps-converted-to.pdf  used on input line 7.
(pdftex.def)             Requested size: 341.43437pt x 533.03pt.
 [26



 <./figures/oswiadczenie-eps-converted-to.pdf>])

Package caption Warning: Unused \captionsetup[sub] on input line 23.
See the caption package documentation for explanation.

(kk134927.aux (chapters/1_Streszczenie.aux) (chapters/2_Opis_zalozen_projektu.aux) (chapters/3_Opis_struktury_projektu.aux) (chapters/4_Harmonogram.aux) (chapters/5_Prezentacja_warstwy_użytkowej_projektu.aux) (chapters/6_Testowanie_okienek_błedów_itp.aux) (chapters/7_Podsumowanie.aux) (appendix/statement-A.aux))
 ***********
LaTeX2e <2023-11-01> patch level 1
L3 programming layer <2024-01-04>
 ***********


LaTeX Warning: There were multiply-defined labels.


Package rerunfilecheck Warning: File `kk134927.out' has changed.
(rerunfilecheck)                Rerun to get outlines right
(rerunfilecheck)                or use package `bookmark'.

Package rerunfilecheck Info: Checksums for `kk134927.out':
(rerunfilecheck)             Before: F761740E762593444B3B649268E2F397;6485
(rerunfilecheck)             After:  EF8833A74D723A09F4848F846A532053;6370.
 ) 
Here is how much of TeX's memory you used:
 23146 strings out of 474486
 450272 string characters out of 5743755
 1938542 words of memory out of 5000000
 44964 multiletter control sequences out of 15000+600000
 617053 words of font info for 84 fonts, out of 8000000 for 9000
 1141 hyphenation exceptions out of 8191
 88i,12n,94p,1089b,1211s stack positions out of 10000i,1000n,20000p,200000b,200000s

pdfTeX warning (dest): name{section.6.5} has been referenced but does not exist, replaced by a fixed one

<C:/Users/kamil/AppData/Local/Programs/MiKTeX/fonts/type1/urw/helvetic/uhvb8a.pfb><C:/Users/kamil/AppData/Local/Programs/MiKTeX/fonts/type1/urw/helvetic/uhvr8a.pfb><C:/Users/kamil/AppData/Local/Programs/MiKTeX/fonts/type1/urw/helvetic/uhvro8a.pfb><C:/Users/kamil/AppData/Local/Programs/MiKTeX/fonts/type1/urw/times/utmb8a.pfb><C:/Users/kamil/AppData/Local/Programs/MiKTeX/fonts/type1/urw/times/utmr8a.pfb><C:/Users/kamil/AppData/Local/Programs/MiKTeX/fonts/type1/urw/times/utmr8a.pfb><C:/Users/kamil/AppData/Local/Programs/MiKTeX/fonts/type1/urw/times/utmri8a.pfb>
Output written on kk134927.pdf (24 pages, 3157341 bytes).
PDF statistics:
 448 PDF objects out of 1000 (max. 8388607)
 77 named destinations out of 1000 (max. 500000)
 367 words of extra memory for PDF output out of 10000 (max. 10000000)

