\BOOKMARK [0][-]{chapter.1}{\376\377\000S\000t\000r\000e\000s\000z\000c\000z\000e\000n\000i\000e}{}% 1
\BOOKMARK [1][-]{section.1.1}{\376\377\000S\000t\000r\000e\000s\000z\000c\000z\000e\000n\000i\000e\000\040\000w\000\040\000j\001\031\000z\000y\000k\000u\000\040\000p\000o\000l\000s\000k\000i\000m}{chapter.1}% 2
\BOOKMARK [1][-]{section.1.2}{\376\377\000S\000u\000m\000m\000a\000r\000y\000\040\000i\000n\000\040\000E\000n\000g\000l\000i\000s\000h}{chapter.1}% 3
\BOOKMARK [0][-]{chapter.2}{\376\377\000O\000p\000i\000s\000\040\000z\000a\001\102\000o\001\174\000e\001\104\000\040\000p\000r\000o\000j\000e\000k\000t\000u}{}% 4
\BOOKMARK [1][-]{section.2.1}{\376\377\000C\000e\000l\000e\000\040\000p\000r\000o\000j\000e\000k\000t\000u}{chapter.2}% 5
\BOOKMARK [1][-]{section.2.2}{\376\377\000W\000y\000m\000a\000g\000a\000n\000i\000a\000\040\000f\000u\000n\000k\000c\000j\000o\000n\000a\000l\000n\000e}{chapter.2}% 6
\BOOKMARK [1][-]{section.2.3}{\376\377\000W\000y\000m\000a\000g\000a\000n\000i\000a\000\040\000n\000i\000e\000f\000u\000n\000k\000c\000j\000o\000n\000a\000l\000n\000e}{chapter.2}% 7
\BOOKMARK [0][-]{chapter.3}{\376\377\000O\000p\000i\000s\000\040\000s\000t\000r\000u\000k\000t\000u\000r\000y}{}% 8
\BOOKMARK [1][-]{section.3.1}{\376\377\000O\000p\000i\000s\000\040\000s\000t\000r\000u\000k\000t\000u\000r\000y\000\040\000p\000r\000o\000j\000e\000k\000t\000u}{chapter.3}% 9
\BOOKMARK [1][-]{section.3.2}{\376\377\000W\000y\000k\000o\000r\000z\000y\000s\000t\000a\000n\000e\000\040\000t\000e\000c\000h\000n\000o\000l\000o\000g\000i\000e\000\040\000i\000\040\000n\000a\000r\000z\001\031\000d\000z\000i\000a}{chapter.3}% 10
\BOOKMARK [1][-]{section.3.3}{\376\377\000H\000i\000e\000r\000a\000r\000c\000h\000i\000a\000\040\000i\000\040\000a\000r\000c\000h\000i\000t\000e\000k\000t\000u\000r\000a\000\040\000k\000l\000a\000s}{chapter.3}% 11
\BOOKMARK [2][-]{subsection.3.3.1}{\376\377\000D\000i\000a\000g\000r\000a\000m\000\040\000k\000l\000a\000s\000\040\000U\000M\000L}{section.3.3}% 12
\BOOKMARK [1][-]{section.3.4}{\376\377\000Z\000a\000r\000z\001\005\000d\000z\000a\000n\000i\000e\000\040\000d\000a\000n\000y\000m\000i\000\040\000i\000\040\000b\000a\000z\000a\000\040\000d\000a\000n\000y\000c\000h\000\040\000l\000o\000w\000i\000s\000k\000o}{chapter.3}% 13
\BOOKMARK [1][-]{section.3.5}{\376\377\000W\000y\000m\000a\000g\000a\000n\000i\000a\000\040\000s\000y\000s\000t\000e\000m\000o\000w\000e\000\040\000i\000\040\000n\000a\000r\000z\001\031\000d\000z\000i\000a\000\040\000d\000o\000\040\000u\000r\000u\000c\000h\000o\000m\000i\000e\000n\000i\000a\000\040\000p\000r\000o\000j\000e\000k\000t\000u}{chapter.3}% 14
\BOOKMARK [0][-]{chapter.4}{\376\377\000H\000a\000r\000m\000o\000n\000o\000g\000r\000a\000m\000\040\000r\000e\000a\000l\000i\000z\000a\000c\000j\000i\000\040\000p\000r\000o\000j\000e\000k\000t\000u\000.}{}% 15
\BOOKMARK [1][-]{section.4.1}{\376\377\000H\000a\000r\000m\000o\000n\000o\000g\000r\000a\000m\000\040\000r\000e\000a\000l\000i\000z\000a\000c\000j\000i\000\040\000p\000r\000o\000j\000e\000k\000t\000u\000.\000\040\000-\000\040\000D\000i\000a\000g\000r\000a\000m\000\040\000G\000a\000n\000t\000t\000a}{chapter.4}% 16
\BOOKMARK [1][-]{section.4.2}{\376\377\000S\000y\000s\000t\000e\000m\000\040\000k\000o\000n\000t\000r\000o\000l\000i\000\040\000w\000e\000r\000s\000j\000i\000\040\000i\000\040\000r\000e\000p\000o\000z\000y\000t\000o\000r\000i\000u\000m}{chapter.4}% 17
\BOOKMARK [0][-]{chapter.5}{\376\377\000P\000r\000e\000z\000e\000n\000t\000a\000c\000j\000a\000\040\000w\000a\000r\000s\000t\000w\000y\000\040\000u\001\174\000y\000t\000k\000o\000w\000e\000j\000\040\000p\000r\000o\000j\000e\000k\000t\000u}{}% 18
\BOOKMARK [1][-]{section.5.1}{\376\377\000W\000p\000r\000o\000w\000a\000d\000z\000e\000n\000i\000e}{chapter.5}% 19
\BOOKMARK [1][-]{section.5.2}{\376\377\000E\000k\000r\000a\000n\000\040\000l\000o\000g\000o\000w\000a\000n\000i\000a\000\040\000i\000\040\000r\000e\000j\000e\000s\000t\000r\000a\000c\000j\000i}{chapter.5}% 20
\BOOKMARK [1][-]{section.5.3}{\376\377\000E\000k\000r\000a\000n\000\040\000r\000e\000j\000e\000s\000t\000r\000a\000c\000j\000i}{chapter.5}% 21
\BOOKMARK [1][-]{section.5.4}{\376\377\000E\000k\000r\000a\000n\000\040\000p\000o\000\040\000z\000a\000l\000o\000g\000o\000w\000a\000n\000i\000u}{chapter.5}% 22
\BOOKMARK [1][-]{section.5.5}{\376\377\000E\000k\000r\000a\000n\000\040\000b\000e\000z\000\040\000l\000o\000g\000o\000w\000a\000n\000i\000a}{chapter.5}% 23
\BOOKMARK [1][-]{section.5.6}{\376\377\000E\000k\000r\000a\000n\000\040\000r\000e\000z\000e\000r\000w\000a\000c\000j\000i\000\040\001\102\000o\000w\000i\000s\000k}{chapter.5}% 24
\BOOKMARK [1][-]{section.5.7}{\376\377\000E\000k\000r\000a\000n\000\040\000r\000e\000z\000e\000r\000w\000a\000c\000j\000i\000\040\000w\001\031\000d\000e\000k}{chapter.5}% 25
\BOOKMARK [1][-]{section.5.8}{\376\377\000E\000k\000r\000a\000n\000\040\000r\000e\000z\000e\000r\000w\000a\000c\000j\000i\000\040\000d\000o\000m\000k\000\363\000w}{chapter.5}% 26
\BOOKMARK [1][-]{section.5.9}{\376\377\000E\000k\000r\000a\000n\000\040\000h\000i\000s\000t\000o\000r\000i\000a\000\040\000r\000e\000z\000e\000r\000w\000a\000c\000j\000i}{chapter.5}% 27
\BOOKMARK [0][-]{chapter.6}{\376\377\000T\000e\000s\000t\000o\000w\000a\000n\000i\000e\000\040\000o\000k\000i\000e\000n\000e\000k\000\040\000b\001\102\001\031\000d\000\363\000w\000\040\000i\000\040\000i\000n\000n\000y\000c\000h\000\040\000e\000l\000e\000m\000e\000n\000t\000\363\000w\000\040\000G\000U\000I}{}% 28
\BOOKMARK [1][-]{section.6.1}{\376\377\000W\000p\000r\000o\000w\000a\000d\000z\000e\000n\000i\000e}{chapter.6}% 29
\BOOKMARK [1][-]{section.6.2}{\376\377\000O\000k\000i\000e\000n\000k\000a\000\040\000o\000s\000t\000r\000z\000e\000g\000a\000w\000c\000z\000e\000\040\000e\000k\000r\000a\000n\000u\000\040\000l\000o\000g\000o\000w\000a\000n\000i\000a}{chapter.6}% 30
\BOOKMARK [1][-]{section.6.3}{\376\377\000O\000k\000i\000e\000n\000k\000a\000\040\000o\000s\000t\000r\000z\000e\000g\000a\000w\000c\000z\000e\000\040\000e\000k\000r\000a\000n\000u\000\040\000r\000e\000j\000e\000s\000t\000r\000a\000c\000j\000i\000i}{chapter.6}% 31
\BOOKMARK [1][-]{section.6.4}{\376\377\000O\000k\000i\000e\000n\000k\000a\000\040\000o\000s\000t\000r\000z\000e\000g\000a\000w\000c\000z\000e\000\040\000e\000k\000r\000a\000n\000u\000\040\000r\000e\000z\000e\000r\000w\000a\000c\000j\000i}{chapter.6}% 32
\BOOKMARK [1][-]{section.6.5}{\376\377\000O\000k\000i\000e\000n\000k\000a\000\040\000o\000s\000t\000r\000z\000e\000g\000a\000w\000c\000z\000e\000\040\000e\000k\000r\000a\000n\000u\000\040\000r\000e\000z\000e\000r\000w\000a\000c\000j\000i\000\040\000i\000\040\000h\000i\000s\000t\000o\000r\000i\000\040\000b\000e\000z\000\040\000l\000o\000g\000o\000w\000a\000n\000i\000a}{chapter.6}% 33
\BOOKMARK [0][-]{chapter.7}{\376\377\000P\000o\000d\000s\000u\000m\000o\000w\000a\000n\000i\000e}{}% 34
\BOOKMARK [1][-]{section.7.1}{\376\377\000W\000n\000i\000o\000s\000k\000i}{chapter.7}% 35
\BOOKMARK [1][-]{section.7.2}{\376\377\000P\000r\000z\000y\000s\000z\001\102\000e\000\040\000k\000i\000e\000r\000u\000n\000k\000i\000\040\000r\000o\000z\000w\000o\000j\000u}{chapter.7}% 36
\BOOKMARK [1][-]{section.7.2}{\376\377\000S\000p\000i\000s\000\040\000r\000y\000s\000u\000n\000k\000\363\000w}{chapter.7}% 37
